{"/Users/user/Desktop/coding-test/src/app.ts": {"path":"/Users/user/Desktop/coding-test/src/app.ts","statementMap":{"0":{"start":{"line":1,"column":0},"end":{"line":1,"column":25}},"1":{"start":{"line":3,"column":0},"end":{"line":3,"column":29}},"2":{"start":{"line":4,"column":0},"end":{"line":4,"column":41}},"3":{"start":{"line":6,"column":12},"end":{"line":6,"column":21}},"4":{"start":{"line":7,"column":0},"end":{"line":7,"column":null}},"5":{"start":{"line":9,"column":0},"end":{"line":9,"column":null}}},"fnMap":{},"branchMap":{},"s":{"0":1,"1":1,"2":1,"3":1,"4":1,"5":1},"f":{},"b":{}}
,"/Users/user/Desktop/coding-test/src/handleError.ts": {"path":"/Users/user/Desktop/coding-test/src/handleError.ts","statementMap":{"0":{"start":{"line":3,"column":20},"end":{"line":11,"column":null}},"1":{"start":{"line":3,"column":66},"end":{"line":11,"column":null}},"2":{"start":{"line":3,"column":91},"end":{"line":11,"column":null}},"3":{"start":{"line":4,"column":4},"end":{"line":10,"column":null}},"4":{"start":{"line":5,"column":8},"end":{"line":5,"column":null}},"5":{"start":{"line":7,"column":8},"end":{"line":7,"column":null}},"6":{"start":{"line":7,"column":44},"end":{"line":7,"column":null}},"7":{"start":{"line":8,"column":8},"end":{"line":8,"column":null}},"8":{"start":{"line":9,"column":8},"end":{"line":9,"column":null}},"9":{"start":{"line":13,"column":0},"end":{"line":13,"column":null}}},"fnMap":{"0":{"name":"(anonymous_7)","decl":{"start":{"line":3,"column":20},"end":{"line":3,"column":21}},"loc":{"start":{"line":3,"column":66},"end":{"line":11,"column":null}}},"1":{"name":"(anonymous_8)","decl":{"start":{"line":3,"column":66},"end":{"line":3,"column":73}},"loc":{"start":{"line":3,"column":91},"end":{"line":11,"column":null}}},"2":{"name":"(anonymous_9)","decl":{"start":{"line":3,"column":91},"end":{"line":3,"column":null}},"loc":{"start":{"line":3,"column":91},"end":{"line":11,"column":1}}}},"branchMap":{"0":{"loc":{"start":{"line":7,"column":8},"end":{"line":7,"column":null}},"type":"if","locations":[{"start":{"line":7,"column":8},"end":{"line":7,"column":null}}]}},"s":{"0":3,"1":6,"2":5,"3":5,"4":5,"5":2,"6":1,"7":1,"8":1,"9":3},"f":{"0":6,"1":5,"2":5},"b":{"0":[1]}}
,"/Users/user/Desktop/coding-test/src/clinic/clinic.controller.ts": {"path":"/Users/user/Desktop/coding-test/src/clinic/clinic.controller.ts","statementMap":{"0":{"start":{"line":1,"column":0},"end":{"line":1,"column":45}},"1":{"start":{"line":2,"column":0},"end":{"line":2,"column":41}},"2":{"start":{"line":3,"column":0},"end":{"line":3,"column":33}},"3":{"start":{"line":5,"column":0},"end":{"line":15,"column":null}},"4":{"start":{"line":8,"column":25},"end":{"line":8,"column":40}},"5":{"start":{"line":11,"column":4},"end":{"line":14,"column":null}},"6":{"start":{"line":11,"column":47},"end":{"line":14,"column":6}},"7":{"start":{"line":12,"column":24},"end":{"line":12,"column":70}},"8":{"start":{"line":13,"column":8},"end":{"line":13,"column":null}},"9":{"start":{"line":6,"column":6},"end":{"line":15,"column":null}},"10":{"start":{"line":17,"column":0},"end":{"line":17,"column":32}}},"fnMap":{"0":{"name":"(anonymous_10)","decl":{"start":{"line":7,"column":4},"end":{"line":7,"column":null}},"loc":{"start":{"line":8,"column":53},"end":{"line":9,"column":8}}},"1":{"name":"(anonymous_11)","decl":{"start":{"line":11,"column":29},"end":{"line":11,"column":35}},"loc":{"start":{"line":11,"column":47},"end":{"line":14,"column":6}}},"2":{"name":"(anonymous_12)","decl":{"start":{"line":11,"column":47},"end":{"line":11,"column":null}},"loc":{"start":{"line":11,"column":47},"end":{"line":14,"column":5}}}},"branchMap":{},"s":{"0":2,"1":2,"2":2,"3":2,"4":3,"5":3,"6":2,"7":2,"8":2,"9":2,"10":2},"f":{"0":3,"1":2,"2":2},"b":{}}
,"/Users/user/Desktop/coding-test/src/clinic/clinic.repository.ts": {"path":"/Users/user/Desktop/coding-test/src/clinic/clinic.repository.ts","statementMap":{"0":{"start":{"line":3,"column":0},"end":{"line":3,"column":33}},"1":{"start":{"line":5,"column":0},"end":{"line":5,"column":49}},"2":{"start":{"line":6,"column":0},"end":{"line":6,"column":50}},"3":{"start":{"line":7,"column":0},"end":{"line":7,"column":45}},"4":{"start":{"line":10,"column":0},"end":{"line":48,"column":null}},"5":{"start":{"line":12,"column":24},"end":{"line":12,"column":62}},"6":{"start":{"line":13,"column":8},"end":{"line":13,"column":null}},"7":{"start":{"line":17,"column":47},"end":{"line":17,"column":49}},"8":{"start":{"line":19,"column":8},"end":{"line":27,"column":null}},"9":{"start":{"line":20,"column":51},"end":{"line":20,"column":53}},"10":{"start":{"line":21,"column":12},"end":{"line":25,"column":null}},"11":{"start":{"line":22,"column":37},"end":{"line":22,"column":74}},"12":{"start":{"line":24,"column":16},"end":{"line":24,"column":74}},"13":{"start":{"line":26,"column":12},"end":{"line":26,"column":null}},"14":{"start":{"line":29,"column":8},"end":{"line":29,"column":39}},"15":{"start":{"line":33,"column":34},"end":{"line":37,"column":null}},"16":{"start":{"line":38,"column":25},"end":{"line":38,"column":27}},"17":{"start":{"line":39,"column":8},"end":{"line":41,"column":null}},"18":{"start":{"line":40,"column":12},"end":{"line":40,"column":null}},"19":{"start":{"line":40,"column":49},"end":{"line":40,"column":null}},"20":{"start":{"line":42,"column":8},"end":{"line":42,"column":null}},"21":{"start":{"line":46,"column":8},"end":{"line":46,"column":38}},"22":{"start":{"line":10,"column":6},"end":{"line":48,"column":null}},"23":{"start":{"line":50,"column":0},"end":{"line":50,"column":null}}},"fnMap":{"0":{"name":"(anonymous_9)","decl":{"start":{"line":11,"column":17},"end":{"line":11,"column":27}},"loc":{"start":{"line":11,"column":27},"end":{"line":14,"column":null}}},"1":{"name":"(anonymous_11)","decl":{"start":{"line":16,"column":18},"end":{"line":16,"column":34}},"loc":{"start":{"line":16,"column":49},"end":{"line":30,"column":null}}},"2":{"name":"(anonymous_13)","decl":{"start":{"line":19,"column":24},"end":{"line":19,"column":30}},"loc":{"start":{"line":19,"column":33},"end":{"line":27,"column":9}}},"3":{"name":"(anonymous_14)","decl":{"start":{"line":21,"column":40},"end":{"line":21,"column":43}},"loc":{"start":{"line":21,"column":46},"end":{"line":25,"column":13}}},"4":{"name":"(anonymous_15)","decl":{"start":{"line":32,"column":12},"end":{"line":32,"column":22}},"loc":{"start":{"line":32,"column":40},"end":{"line":43,"column":5}}},"5":{"name":"(anonymous_16)","decl":{"start":{"line":39,"column":37},"end":{"line":39,"column":40}},"loc":{"start":{"line":39,"column":43},"end":{"line":41,"column":9}}},"6":{"name":"(anonymous_17)","decl":{"start":{"line":45,"column":17},"end":{"line":45,"column":26}},"loc":{"start":{"line":45,"column":26},"end":{"line":47,"column":null}}}},"branchMap":{"0":{"loc":{"start":{"line":40,"column":12},"end":{"line":40,"column":null}},"type":"if","locations":[{"start":{"line":40,"column":12},"end":{"line":40,"column":null}}]}},"s":{"0":4,"1":4,"2":4,"3":4,"4":4,"5":1,"6":1,"7":1,"8":1,"9":4,"10":4,"11":12,"12":12,"13":4,"14":1,"15":12,"16":12,"17":12,"18":36,"19":12,"20":12,"21":0,"22":4,"23":4},"f":{"0":1,"1":1,"2":4,"3":12,"4":12,"5":36,"6":0},"b":{"0":[12]}}
,"/Users/user/Desktop/coding-test/src/clinic/clinic.service.ts": {"path":"/Users/user/Desktop/coding-test/src/clinic/clinic.service.ts","statementMap":{"0":{"start":{"line":1,"column":0},"end":{"line":1,"column":33}},"1":{"start":{"line":3,"column":0},"end":{"line":3,"column":51}},"2":{"start":{"line":4,"column":0},"end":{"line":4,"column":54}},"3":{"start":{"line":6,"column":0},"end":{"line":54,"column":null}},"4":{"start":{"line":9,"column":25},"end":{"line":9,"column":37}},"5":{"start":{"line":13,"column":48},"end":{"line":13,"column":87}},"6":{"start":{"line":14,"column":22},"end":{"line":14,"column":56}},"7":{"start":{"line":15,"column":23},"end":{"line":15,"column":56}},"8":{"start":{"line":16,"column":8},"end":{"line":51,"column":null}},"9":{"start":{"line":17,"column":32},"end":{"line":17,"column":36}},"10":{"start":{"line":18,"column":12},"end":{"line":24,"column":null}},"11":{"start":{"line":19,"column":35},"end":{"line":21,"column":null}},"12":{"start":{"line":20,"column":20},"end":{"line":21,"column":65}},"13":{"start":{"line":23,"column":16},"end":{"line":23,"column":null}},"14":{"start":{"line":25,"column":12},"end":{"line":25,"column":null}},"15":{"start":{"line":25,"column":44},"end":{"line":25,"column":null}},"16":{"start":{"line":26,"column":12},"end":{"line":48,"column":null}},"17":{"start":{"line":27,"column":34},"end":{"line":27,"column":53}},"18":{"start":{"line":28,"column":32},"end":{"line":28,"column":49}},"19":{"start":{"line":29,"column":31},"end":{"line":29,"column":48}},"20":{"start":{"line":30,"column":40},"end":{"line":30,"column":79}},"21":{"start":{"line":31,"column":38},"end":{"line":31,"column":75}},"22":{"start":{"line":32,"column":37},"end":{"line":32,"column":74}},"23":{"start":{"line":33,"column":16},"end":{"line":33,"column":null}},"24":{"start":{"line":35,"column":17},"end":{"line":48,"column":null}},"25":{"start":{"line":36,"column":30},"end":{"line":36,"column":49}},"26":{"start":{"line":37,"column":29},"end":{"line":37,"column":48}},"27":{"start":{"line":38,"column":36},"end":{"line":38,"column":75}},"28":{"start":{"line":39,"column":35},"end":{"line":39,"column":74}},"29":{"start":{"line":40,"column":16},"end":{"line":40,"column":null}},"30":{"start":{"line":42,"column":17},"end":{"line":48,"column":null}},"31":{"start":{"line":43,"column":30},"end":{"line":43,"column":47}},"32":{"start":{"line":44,"column":29},"end":{"line":44,"column":46}},"33":{"start":{"line":45,"column":36},"end":{"line":45,"column":73}},"34":{"start":{"line":46,"column":35},"end":{"line":46,"column":72}},"35":{"start":{"line":47,"column":16},"end":{"line":47,"column":null}},"36":{"start":{"line":50,"column":12},"end":{"line":50,"column":null}},"37":{"start":{"line":52,"column":8},"end":{"line":52,"column":null}},"38":{"start":{"line":7,"column":6},"end":{"line":54,"column":null}},"39":{"start":{"line":56,"column":0},"end":{"line":56,"column":null}}},"fnMap":{"0":{"name":"(anonymous_10)","decl":{"start":{"line":8,"column":4},"end":{"line":8,"column":null}},"loc":{"start":{"line":9,"column":53},"end":{"line":10,"column":8}}},"1":{"name":"(anonymous_11)","decl":{"start":{"line":12,"column":17},"end":{"line":12,"column":27}},"loc":{"start":{"line":12,"column":44},"end":{"line":53,"column":null}}},"2":{"name":"(anonymous_13)","decl":{"start":{"line":16,"column":33},"end":{"line":16,"column":39}},"loc":{"start":{"line":16,"column":42},"end":{"line":51,"column":9}}},"3":{"name":"(anonymous_14)","decl":{"start":{"line":19,"column":47},"end":{"line":19,"column":49}},"loc":{"start":{"line":20,"column":20},"end":{"line":21,"column":65}}}},"branchMap":{"0":{"loc":{"start":{"line":18,"column":12},"end":{"line":24,"column":null}},"type":"if","locations":[{"start":{"line":18,"column":12},"end":{"line":24,"column":null}}]},"1":{"loc":{"start":{"line":20,"column":20},"end":{"line":21,"column":65}},"type":"binary-expr","locations":[{"start":{"line":20,"column":20},"end":{"line":20,"column":73}},{"start":{"line":21,"column":20},"end":{"line":21,"column":65}}]},"2":{"loc":{"start":{"line":23,"column":32},"end":{"line":23,"column":113}},"type":"cond-expr","locations":[{"start":{"line":23,"column":45},"end":{"line":23,"column":105}},{"start":{"line":23,"column":108},"end":{"line":23,"column":113}}]},"3":{"loc":{"start":{"line":25,"column":12},"end":{"line":25,"column":null}},"type":"if","locations":[{"start":{"line":25,"column":12},"end":{"line":25,"column":null}}]},"4":{"loc":{"start":{"line":25,"column":15},"end":{"line":25,"column":42}},"type":"binary-expr","locations":[{"start":{"line":25,"column":15},"end":{"line":25,"column":25}},{"start":{"line":25,"column":29},"end":{"line":25,"column":42}}]},"5":{"loc":{"start":{"line":26,"column":12},"end":{"line":48,"column":null}},"type":"if","locations":[{"start":{"line":26,"column":12},"end":{"line":48,"column":null}},{"start":{"line":35,"column":17},"end":{"line":48,"column":null}}]},"6":{"loc":{"start":{"line":26,"column":15},"end":{"line":26,"column":42}},"type":"binary-expr","locations":[{"start":{"line":26,"column":15},"end":{"line":26,"column":19}},{"start":{"line":26,"column":23},"end":{"line":26,"column":25}},{"start":{"line":26,"column":29},"end":{"line":26,"column":42}}]},"7":{"loc":{"start":{"line":33,"column":33},"end":{"line":33,"column":117}},"type":"binary-expr","locations":[{"start":{"line":33,"column":33},"end":{"line":33,"column":61}},{"start":{"line":33,"column":66},"end":{"line":33,"column":90}},{"start":{"line":33,"column":94},"end":{"line":33,"column":116}}]},"8":{"loc":{"start":{"line":35,"column":17},"end":{"line":48,"column":null}},"type":"if","locations":[{"start":{"line":35,"column":17},"end":{"line":48,"column":null}},{"start":{"line":42,"column":17},"end":{"line":48,"column":null}}]},"9":{"loc":{"start":{"line":35,"column":20},"end":{"line":35,"column":41}},"type":"binary-expr","locations":[{"start":{"line":35,"column":20},"end":{"line":35,"column":24}},{"start":{"line":35,"column":28},"end":{"line":35,"column":41}}]},"10":{"loc":{"start":{"line":40,"column":32},"end":{"line":40,"column":102}},"type":"binary-expr","locations":[{"start":{"line":40,"column":33},"end":{"line":40,"column":54}},{"start":{"line":40,"column":58},"end":{"line":40,"column":76}},{"start":{"line":40,"column":82},"end":{"line":40,"column":102}}]},"11":{"loc":{"start":{"line":42,"column":17},"end":{"line":48,"column":null}},"type":"if","locations":[{"start":{"line":42,"column":17},"end":{"line":48,"column":null}}]},"12":{"loc":{"start":{"line":42,"column":20},"end":{"line":42,"column":39}},"type":"binary-expr","locations":[{"start":{"line":42,"column":20},"end":{"line":42,"column":22}},{"start":{"line":42,"column":26},"end":{"line":42,"column":39}}]},"13":{"loc":{"start":{"line":47,"column":32},"end":{"line":47,"column":101}},"type":"binary-expr","locations":[{"start":{"line":47,"column":33},"end":{"line":47,"column":54}},{"start":{"line":47,"column":58},"end":{"line":47,"column":76}},{"start":{"line":47,"column":82},"end":{"line":47,"column":101}}]}},"s":{"0":3,"1":3,"2":3,"3":3,"4":3,"5":2,"6":2,"7":2,"8":2,"9":3,"10":3,"11":2,"12":2,"13":2,"14":3,"15":0,"16":3,"17":0,"18":0,"19":0,"20":0,"21":0,"22":0,"23":0,"24":3,"25":0,"26":0,"27":0,"28":0,"29":0,"30":3,"31":0,"32":0,"33":0,"34":0,"35":0,"36":3,"37":2,"38":3,"39":3},"f":{"0":3,"1":2,"2":3,"3":2},"b":{"0":[2],"1":[2,0],"2":[2,0],"3":[0],"4":[3,0],"5":[0,3],"6":[3,0,0],"7":[0,0,0],"8":[0,3],"9":[3,0],"10":[0,0,0],"11":[0],"12":[3,0],"13":[0,0,0]}}
,"/Users/user/Desktop/coding-test/src/clinic/schemas/getClinic.ts": {"path":"/Users/user/Desktop/coding-test/src/clinic/schemas/getClinic.ts","statementMap":{"0":{"start":{"line":1,"column":0},"end":{"line":1,"column":26}},"1":{"start":{"line":3,"column":24},"end":{"line":18,"column":2}},"2":{"start":{"line":20,"column":9},"end":{"line":20,"column":24}}},"fnMap":{},"branchMap":{},"s":{"0":3,"1":3,"2":3},"f":{},"b":{}}
,"/Users/user/Desktop/coding-test/src/constants/routes.ts": {"path":"/Users/user/Desktop/coding-test/src/constants/routes.ts","statementMap":{"0":{"start":{"line":1,"column":0},"end":{"line":1,"column":null}},"1":{"start":{"line":2,"column":4},"end":{"line":2,"column":null}}},"fnMap":{"0":{"name":"(anonymous_0)","decl":{"start":{"line":1,"column":0},"end":{"line":1,"column":12}},"loc":{"start":{"line":1,"column":18},"end":{"line":3,"column":1}}}},"branchMap":{"0":{"loc":{"start":{"line":1,"column":12},"end":{"line":1,"column":null}},"type":"binary-expr","locations":[{"start":{"line":1,"column":12},"end":{"line":1,"column":18}},{"start":{"line":1,"column":12},"end":{"line":1,"column":null}}]}},"s":{"0":1,"1":1},"f":{"0":1},"b":{"0":[1,1]}}
,"/Users/user/Desktop/coding-test/src/router/clinic.ts": {"path":"/Users/user/Desktop/coding-test/src/router/clinic.ts","statementMap":{"0":{"start":{"line":1,"column":0},"end":{"line":1,"column":32}},"1":{"start":{"line":2,"column":0},"end":{"line":2,"column":30}},"2":{"start":{"line":3,"column":0},"end":{"line":3,"column":58}},"3":{"start":{"line":5,"column":21},"end":{"line":5,"column":29}},"4":{"start":{"line":11,"column":9},"end":{"line":11,"column":21}},"5":{"start":{"line":7,"column":25},"end":{"line":7,"column":56}},"6":{"start":{"line":9,"column":0},"end":{"line":9,"column":null}}},"fnMap":{},"branchMap":{},"s":{"0":1,"1":1,"2":1,"3":1,"4":1,"5":1,"6":1},"f":{},"b":{}}
,"/Users/user/Desktop/coding-test/src/start/getRoutes.ts": {"path":"/Users/user/Desktop/coding-test/src/start/getRoutes.ts","statementMap":{"0":{"start":{"line":1,"column":0},"end":{"line":1,"column":39}},"1":{"start":{"line":2,"column":0},"end":{"line":2,"column":23}},"2":{"start":{"line":3,"column":0},"end":{"line":3,"column":44}},"3":{"start":{"line":4,"column":0},"end":{"line":4,"column":47}},"4":{"start":{"line":6,"column":18},"end":{"line":10,"column":1}},"5":{"start":{"line":7,"column":4},"end":{"line":7,"column":null}},"6":{"start":{"line":8,"column":4},"end":{"line":8,"column":null}},"7":{"start":{"line":9,"column":4},"end":{"line":9,"column":null}},"8":{"start":{"line":12,"column":0},"end":{"line":12,"column":null}}},"fnMap":{"0":{"name":"(anonymous_1)","decl":{"start":{"line":6,"column":18},"end":{"line":6,"column":19}},"loc":{"start":{"line":6,"column":35},"end":{"line":10,"column":1}}}},"branchMap":{},"s":{"0":1,"1":1,"2":1,"3":1,"4":1,"5":1,"6":1,"7":1,"8":1},"f":{"0":1},"b":{}}
}
