TN:
SF:src/app.ts
FNF:0
FNH:0
DA:1,1
DA:3,1
DA:4,1
DA:6,1
DA:7,1
DA:9,1
LF:6
LH:6
BRF:0
BRH:0
end_of_record
TN:
SF:src/handleError.ts
FN:3,(anonymous_7)
FN:3,(anonymous_8)
FN:3,(anonymous_9)
FNF:3
FNH:3
FNDA:6,(anonymous_7)
FNDA:5,(anonymous_8)
FNDA:5,(anonymous_9)
DA:3,6
DA:4,5
DA:5,5
DA:7,2
DA:8,1
DA:9,1
DA:13,3
LF:7
LH:7
BRDA:7,0,0,1
BRF:1
BRH:1
end_of_record
TN:
SF:src/clinic/clinic.controller.ts
FN:7,(anonymous_10)
FN:11,(anonymous_11)
FN:11,(anonymous_12)
FNF:3
FNH:3
FNDA:3,(anonymous_10)
FNDA:2,(anonymous_11)
FNDA:2,(anonymous_12)
DA:1,2
DA:2,2
DA:3,2
DA:5,2
DA:6,2
DA:8,3
DA:11,3
DA:12,2
DA:13,2
DA:17,2
LF:10
LH:10
BRF:0
BRH:0
end_of_record
TN:
SF:src/clinic/clinic.repository.ts
FN:11,(anonymous_9)
FN:16,(anonymous_11)
FN:19,(anonymous_13)
FN:21,(anonymous_14)
FN:32,(anonymous_15)
FN:39,(anonymous_16)
FN:45,(anonymous_17)
FNF:7
FNH:6
FNDA:1,(anonymous_9)
FNDA:1,(anonymous_11)
FNDA:4,(anonymous_13)
FNDA:12,(anonymous_14)
FNDA:12,(anonymous_15)
FNDA:36,(anonymous_16)
FNDA:0,(anonymous_17)
DA:3,4
DA:5,4
DA:6,4
DA:7,4
DA:10,4
DA:12,1
DA:13,1
DA:17,1
DA:19,1
DA:20,4
DA:21,4
DA:22,12
DA:24,12
DA:26,4
DA:29,1
DA:33,12
DA:38,12
DA:39,12
DA:40,36
DA:42,12
DA:46,0
DA:50,4
LF:22
LH:21
BRDA:40,0,0,12
BRF:1
BRH:1
end_of_record
TN:
SF:src/clinic/clinic.service.ts
FN:8,(anonymous_10)
FN:12,(anonymous_11)
FN:16,(anonymous_13)
FN:19,(anonymous_14)
FNF:4
FNH:4
FNDA:3,(anonymous_10)
FNDA:2,(anonymous_11)
FNDA:3,(anonymous_13)
FNDA:2,(anonymous_14)
DA:1,3
DA:3,3
DA:4,3
DA:6,3
DA:7,3
DA:9,3
DA:13,2
DA:14,2
DA:15,2
DA:16,2
DA:17,3
DA:18,3
DA:19,2
DA:20,2
DA:23,2
DA:25,3
DA:26,3
DA:27,0
DA:28,0
DA:29,0
DA:30,0
DA:31,0
DA:32,0
DA:33,0
DA:35,3
DA:36,0
DA:37,0
DA:38,0
DA:39,0
DA:40,0
DA:42,3
DA:43,0
DA:44,0
DA:45,0
DA:46,0
DA:47,0
DA:50,3
DA:52,2
DA:56,3
LF:39
LH:22
BRDA:18,0,0,2
BRDA:20,1,0,2
BRDA:20,1,1,0
BRDA:23,2,0,2
BRDA:23,2,1,0
BRDA:25,3,0,0
BRDA:25,4,0,3
BRDA:25,4,1,0
BRDA:26,5,0,0
BRDA:26,5,1,3
BRDA:26,6,0,3
BRDA:26,6,1,0
BRDA:26,6,2,0
BRDA:33,7,0,0
BRDA:33,7,1,0
BRDA:33,7,2,0
BRDA:35,8,0,0
BRDA:35,8,1,3
BRDA:35,9,0,3
BRDA:35,9,1,0
BRDA:40,10,0,0
BRDA:40,10,1,0
BRDA:40,10,2,0
BRDA:42,11,0,0
BRDA:42,12,0,3
BRDA:42,12,1,0
BRDA:47,13,0,0
BRDA:47,13,1,0
BRDA:47,13,2,0
BRF:29
BRH:9
end_of_record
TN:
SF:src/clinic/schemas/getClinic.ts
FNF:0
FNH:0
DA:1,3
DA:3,3
DA:20,3
LF:3
LH:3
BRF:0
BRH:0
end_of_record
TN:
SF:src/constants/routes.ts
FN:1,(anonymous_0)
FNF:1
FNH:1
FNDA:1,(anonymous_0)
DA:1,1
DA:2,1
LF:2
LH:2
BRDA:1,0,0,1
BRDA:1,0,1,1
BRF:2
BRH:2
end_of_record
TN:
SF:src/router/clinic.ts
FNF:0
FNH:0
DA:1,1
DA:2,1
DA:3,1
DA:5,1
DA:7,1
DA:9,1
DA:11,1
LF:7
LH:7
BRF:0
BRH:0
end_of_record
TN:
SF:src/start/getRoutes.ts
FN:6,(anonymous_1)
FNF:1
FNH:1
FNDA:1,(anonymous_1)
DA:1,1
DA:2,1
DA:3,1
DA:4,1
DA:6,1
DA:7,1
DA:8,1
DA:9,1
DA:12,1
LF:9
LH:9
BRF:0
BRH:0
end_of_record
